#
# There is insufficient memory for the Java Runtime Environment to continue.
# Native memory allocation (malloc) failed to allocate 1185056 bytes. Error detail: Chunk::new
# Possible reasons:
#   The system is out of physical RAM or swap space
#   This process is running with CompressedOops enabled, and the Java Heap may be blocking the growth of the native heap
# Possible solutions:
#   Reduce memory load on the system
#   Increase physical memory or swap space
#   Check if swap backing store is full
#   Decrease Java heap size (-Xmx/-Xms)
#   Decrease number of Java threads
#   Decrease Java thread stack sizes (-Xss)
#   Set larger code cache with -XX:ReservedCodeCacheSize=
#   JVM is running with Zero Based Compressed Oops mode in which the Java heap is
#     placed in the first 32GB address space. The Java Heap base address is the
#     maximum limit for the native heap growth. Please use -XX:HeapBaseMinAddress
#     to set the Java Heap base and to place the Java Heap above 32GB virtual address.
# This output file may be truncated or incomplete.
#
#  Out of Memory Error (arena.cpp:168), pid=7984, tid=21736
#
# JRE version: OpenJDK Runtime Environment (21.0.10) (build 21.0.10+-14961533-b1163.108)
# Java VM: OpenJDK 64-Bit Server VM (21.0.10+-14961533-b1163.108, mixed mode, tiered, compressed oops, compressed class ptrs, g1 gc, windows-amd64)
# No core dump will be written. Minidumps are not enabled by default on client versions of Windows
#

---------------  S U M M A R Y ------------

Command Line: org.jetbrains.kotlin.cli.jvm.K2JVMCompiler @D:\AndroidApps\WordNest\app\build\20260701_14177923564637129920.compiler.options

Host: Intel(R) Core(TM) i5-8265U CPU @ 1.60GHz, 8 cores, 15G,  Windows 11 , 64 bit Build 26100 (10.0.26100.8521)
Time: Wed Jul  1 18:47:59 2026 E. Africa Standard Time elapsed time: 143.582278 seconds (0d 0h 2m 23s)

---------------  T H R E A D  ---------------

Current thread (0x000001f3a56547f0):  JavaThread "C2 CompilerThread0" daemon [_thread_in_native, id=21736, stack(0x000000cfccf00000,0x000000cfcd000000) (1024K)]


Current CompileTask:
C2:143582 24473       4       org.jetbrains.kotlin.codegen.optimization.temporaryVals.TemporaryValsAnalyzer::analyze (1247 bytes)

Stack: [0x000000cfccf00000,0x000000cfcd000000]
Native frames: (J=compiled Java code, j=interpreted, Vv=VM code, C=native code)
V  [jvm.dll+0x6d78a9]
V  [jvm.dll+0x8665b3]
V  [jvm.dll+0x868bde]
V  [jvm.dll+0x8692c3]
V  [jvm.dll+0x280ee6]
V  [jvm.dll+0xc07cd]
V  [jvm.dll+0xc0d03]
V  [jvm.dll+0x2f6170]
V  [jvm.dll+0x6003e9]
V  [jvm.dll+0x252ce2]
V  [jvm.dll+0x24b4dd]
V  [jvm.dll+0x24909e]
V  [jvm.dll+0x1c76e4]
V  [jvm.dll+0x25891e]
V  [jvm.dll+0x256e66]
V  [jvm.dll+0x3f513e]
V  [jvm.dll+0x80fd28]
V  [jvm.dll+0x6d60fd]
C  [ucrtbase.dll+0x2cd30]
C  [KERNEL32.DLL+0x2e957]
C  [ntdll.dll+0x87c1c]


---------------  P R O C E S S  ---------------

Threads class SMR info:
_java_thread_list=0x000001f3aab20da0, length=13, elements={
0x000001f3893a6790, 0x000001f3a56002a0, 0x000001f3a5611aa0, 0x000001f3a562f6e0,
0x000001f3a5647b20, 0x000001f3a5648580, 0x000001f3a5648fe0, 0x000001f3a5651a50,
0x000001f3a56547f0, 0x000001f3a56663e0, 0x000001f3a57fa6b0, 0x000001f3ad1ce870,
0x000001f3ad1d2c90
}

Java Threads: ( => current thread )
  0x000001f3893a6790 JavaThread "main"                              [_thread_in_vm, id=6152, stack(0x000000cfcc000000,0x000000cfcc100000) (1024K)]
  0x000001f3a56002a0 JavaThread "Common-Cleaner"             daemon [_thread_blocked, id=18692, stack(0x000000cfcc800000,0x000000cfcc900000) (1024K)]
  0x000001f3a5611aa0 JavaThread "Reference Handler"          daemon [_thread_blocked, id=20832, stack(0x000000cfcc900000,0x000000cfcca00000) (1024K)]
  0x000001f3a562f6e0 JavaThread "Finalizer"                  daemon [_thread_blocked, id=5776, stack(0x000000cfcca00000,0x000000cfccb00000) (1024K)]
  0x000001f3a5647b20 JavaThread "Signal Dispatcher"          daemon [_thread_blocked, id=13624, stack(0x000000cfccb00000,0x000000cfccc00000) (1024K)]
  0x000001f3a5648580 JavaThread "Attach Listener"            daemon [_thread_blocked, id=23928, stack(0x000000cfccc00000,0x000000cfccd00000) (1024K)]
  0x000001f3a5648fe0 JavaThread "Service Thread"             daemon [_thread_blocked, id=24844, stack(0x000000cfccd00000,0x000000cfcce00000) (1024K)]
  0x000001f3a5651a50 JavaThread "Monitor Deflation Thread"   daemon [_thread_blocked, id=19988, stack(0x000000cfcce00000,0x000000cfccf00000) (1024K)]
=>0x000001f3a56547f0 JavaThread "C2 CompilerThread0"         daemon [_thread_in_native, id=21736, stack(0x000000cfccf00000,0x000000cfcd000000) (1024K)]
  0x000001f3a56663e0 JavaThread "C1 CompilerThread0"         daemon [_thread_blocked, id=28448, stack(0x000000cfcd000000,0x000000cfcd100000) (1024K)]
  0x000001f3a57fa6b0 JavaThread "Notification Thread"        daemon [_thread_blocked, id=10064, stack(0x000000cfcd100000,0x000000cfcd200000) (1024K)]
  0x000001f3ad1ce870 JavaThread "C2 CompilerThread1"         daemon [_thread_in_native, id=23564, stack(0x000000cfcbd00000,0x000000cfcbe00000) (1024K)]
  0x000001f3ad1d2c90 JavaThread "C2 CompilerThread2"         daemon [_thread_in_native, id=4516, stack(0x000000cfcbe00000,0x000000cfcbf00000) (1024K)]
Total: 13

Other Threads:
  0x000001f3a55bc800 VMThread "VM Thread"                           [id=15140, stack(0x000000cfcc700000,0x000000cfcc800000) (1024K)]
  0x000001f3a51d8040 WatcherThread "VM Periodic Task Thread"        [id=4820, stack(0x000000cfcc600000,0x000000cfcc700000) (1024K)]
  0x000001f38b8b7600 WorkerThread "GC Thread#0"                     [id=23240, stack(0x000000cfcc100000,0x000000cfcc200000) (1024K)]
  0x000001f3aa59d2c0 WorkerThread "GC Thread#1"                     [id=23948, stack(0x000000cfcd200000,0x000000cfcd300000) (1024K)]
  0x000001f3aa5bd8e0 WorkerThread "GC Thread#2"                     [id=24148, stack(0x000000cfcd300000,0x000000cfcd400000) (1024K)]
  0x000001f3aa5605e0 WorkerThread "GC Thread#3"                     [id=6952, stack(0x000000cfcd400000,0x000000cfcd500000) (1024K)]
  0x000001f3aa560990 WorkerThread "GC Thread#4"                     [id=16476, stack(0x000000cfcd500000,0x000000cfcd600000) (1024K)]
  0x000001f3aa593980 WorkerThread "GC Thread#5"                     [id=28180, stack(0x000000cfcd600000,0x000000cfcd700000) (1024K)]
  0x000001f3aa973360 WorkerThread "GC Thread#6"                     [id=27748, stack(0x000000cfcd700000,0x000000cfcd800000) (1024K)]
  0x000001f3aa32b0c0 WorkerThread "GC Thread#7"                     [id=24824, stack(0x000000cfcd800000,0x000000cfcd900000) (1024K)]
  0x000001f38b8c89c0 ConcurrentGCThread "G1 Main Marker"            [id=27252, stack(0x000000cfcc200000,0x000000cfcc300000) (1024K)]
  0x000001f38b8cb3e0 WorkerThread "G1 Conc#0"                       [id=21532, stack(0x000000cfcc300000,0x000000cfcc400000) (1024K)]
  0x000001f3aaab3fe0 WorkerThread "G1 Conc#1"                       [id=20920, stack(0x000000cfcd900000,0x000000cfcda00000) (1024K)]
  0x000001f3a509e800 ConcurrentGCThread "G1 Refine#0"               [id=9564, stack(0x000000cfcc400000,0x000000cfcc500000) (1024K)]
  0x000001f3a50a0040 ConcurrentGCThread "G1 Service"                [id=23872, stack(0x000000cfcc500000,0x000000cfcc600000) (1024K)]
Total: 15

Threads with active compile tasks:
C2 CompilerThread0  143806 24473       4       org.jetbrains.kotlin.codegen.optimization.temporaryVals.TemporaryValsAnalyzer::analyze (1247 bytes)
C2 CompilerThread1  143806 24591       4       org.jetbrains.kotlin.load.kotlin.TypeSignatureMappingKt::mapBuiltInType (336 bytes)
C2 CompilerThread2  143807 24595       4       org.jetbrains.org.objectweb.asm.tree.MethodNode::visitMethodInsn (59 bytes)
Total: 3

VM state: not at safepoint (normal execution)

VM Mutex/Monitor currently owned by a thread: None

Heap address: 0x000000070a600000, size: 3930 MB, Compressed Oops mode: Zero based, Oop shift amount: 3

CDS archive(s) not mapped
Compressed class space mapped at: 0x0000000800000000-0x0000000840000000, reserved size: 1073741824
Narrow klass base: 0x0000000800000000, Narrow klass shift: 0, Narrow klass range: 0x40000000

GC Precious Log:
 CardTable entry size: 512
 Card Set container configuration: InlinePtr #cards 4 size 8 Array Of Cards #cards 16 size 48 Howl #buckets 8 coarsen threshold 3686 Howl Bitmap #cards 512 size 80 coarsen threshold 460 Card regions per heap region 1 cards per card region 4096
 CPUs: 8 total, 8 available
 Memory: 15718M
 Large Page Support: Disabled
 NUMA Support: Disabled
 Compressed Oops: Enabled (Zero based)
 Heap Region Size: 2M
 Heap Min Capacity: 8M
 Heap Initial Capacity: 246M
 Heap Max Capacity: 3930M
 Pre-touch: Disabled
 Parallel Workers: 8
 Concurrent Workers: 2
 Concurrent Refinement Workers: 8
 Periodic GC: Disabled

Heap:
 garbage-first heap   total 331776K, used 226060K [0x000000070a600000, 0x0000000800000000)
  region size 2048K, 17 young (34816K), 5 survivors (10240K)
 Metaspace       used 100437K, committed 100864K, reserved 1179648K
  class space    used 10199K, committed 10368K, reserved 1048576K

Heap Regions: E=young(eden), S=young(survivor), O=old, HS=humongous(starts), HC=humongous(continues), CS=collection set, F=free, TAMS=top-at-mark-start, PB=parsable bottom
|   0|0x000000070a600000, 0x000000070a800000, 0x000000070a800000|100%|HS|  |TAMS 0x000000070a600000| PB 0x000000070a600000| Complete 
|   1|0x000000070a800000, 0x000000070aa00000, 0x000000070aa00000|100%|HC|  |TAMS 0x000000070a800000| PB 0x000000070a800000| Complete 
|   2|0x000000070aa00000, 0x000000070ac00000, 0x000000070ac00000|100%| O|  |TAMS 0x000000070aa00000| PB 0x000000070aa00000| Untracked 
|   3|0x000000070ac00000, 0x000000070ae00000, 0x000000070ae00000|100%| O|  |TAMS 0x000000070ac00000| PB 0x000000070ac00000| Untracked 
|   4|0x000000070ae00000, 0x000000070b000000, 0x000000070b000000|100%| O|  |TAMS 0x000000070ae00000| PB 0x000000070ae00000| Untracked 
|   5|0x000000070b000000, 0x000000070b200000, 0x000000070b200000|100%| O|  |TAMS 0x000000070b000000| PB 0x000000070b000000| Untracked 
|   6|0x000000070b200000, 0x000000070b400000, 0x000000070b400000|100%| O|  |TAMS 0x000000070b200000| PB 0x000000070b200000| Untracked 
|   7|0x000000070b400000, 0x000000070b600000, 0x000000070b600000|100%| O|  |TAMS 0x000000070b400000| PB 0x000000070b400000| Untracked 
|   8|0x000000070b600000, 0x000000070b800000, 0x000000070b800000|100%| O|  |TAMS 0x000000070b600000| PB 0x000000070b600000| Untracked 
|   9|0x000000070b800000, 0x000000070ba00000, 0x000000070ba00000|100%| O|  |TAMS 0x000000070b800000| PB 0x000000070b800000| Untracked 
|  10|0x000000070ba00000, 0x000000070bc00000, 0x000000070bc00000|100%| O|  |TAMS 0x000000070ba00000| PB 0x000000070ba00000| Untracked 
|  11|0x000000070bc00000, 0x000000070be00000, 0x000000070be00000|100%| O|  |TAMS 0x000000070bc00000| PB 0x000000070bc00000| Untracked 
|  12|0x000000070be00000, 0x000000070c000000, 0x000000070c000000|100%| O|  |TAMS 0x000000070be00000| PB 0x000000070be00000| Untracked 
|  13|0x000000070c000000, 0x000000070c200000, 0x000000070c200000|100%| O|  |TAMS 0x000000070c000000| PB 0x000000070c000000| Untracked 
|  14|0x000000070c200000, 0x000000070c400000, 0x000000070c400000|100%| O|  |TAMS 0x000000070c200000| PB 0x000000070c200000| Untracked 
|  15|0x000000070c400000, 0x000000070c600000, 0x000000070c600000|100%| O|  |TAMS 0x000000070c400000| PB 0x000000070c400000| Untracked 
|  16|0x000000070c600000, 0x000000070c800000, 0x000000070c800000|100%| O|  |TAMS 0x000000070c600000| PB 0x000000070c600000| Untracked 
|  17|0x000000070c800000, 0x000000070ca00000, 0x000000070ca00000|100%| O|  |TAMS 0x000000070c800000| PB 0x000000070c800000| Untracked 
|  18|0x000000070ca00000, 0x000000070cc00000, 0x000000070cc00000|100%| O|  |TAMS 0x000000070ca00000| PB 0x000000070ca00000| Untracked 
|  19|0x000000070cc00000, 0x000000070ce00000, 0x000000070ce00000|100%| O|  |TAMS 0x000000070cc00000| PB 0x000000070cc00000| Untracked 
|  20|0x000000070ce00000, 0x000000070d000000, 0x000000070d000000|100%| O|  |TAMS 0x000000070ce00000| PB 0x000000070ce00000| Untracked 
|  21|0x000000070d000000, 0x000000070d200000, 0x000000070d200000|100%| O|  |TAMS 0x000000070d000000| PB 0x000000070d000000| Untracked 
|  22|0x000000070d200000, 0x000000070d400000, 0x000000070d400000|100%| O|  |TAMS 0x000000070d200000| PB 0x000000070d200000| Untracked 
|  23|0x000000070d400000, 0x000000070d600000, 0x000000070d600000|100%| O|  |TAMS 0x000000070d400000| PB 0x000000070d400000| Untracked 
|  24|0x000000070d600000, 0x000000070d800000, 0x000000070d800000|100%| O|  |TAMS 0x000000070d600000| PB 0x000000070d600000| Untracked 
|  25|0x000000070d800000, 0x000000070da00000, 0x000000070da00000|100%| O|  |TAMS 0x000000070d800000| PB 0x000000070d800000| Untracked 
|  26|0x000000070da00000, 0x000000070dc00000, 0x000000070dc00000|100%| O|  |TAMS 0x000000070da00000| PB 0x000000070da00000| Untracked 
|  27|0x000000070dc00000, 0x000000070de00000, 0x000000070de00000|100%| O|  |TAMS 0x000000070dc00000| PB 0x000000070dc00000| Untracked 
|  28|0x000000070de00000, 0x000000070e000000, 0x000000070e000000|100%| O|  |TAMS 0x000000070de00000| PB 0x000000070de00000| Untracked 
|  29|0x000000070e000000, 0x000000070e200000, 0x000000070e200000|100%| O|  |TAMS 0x000000070e000000| PB 0x000000070e000000| Untracked 
|  30|0x000000070e200000, 0x000000070e400000, 0x000000070e400000|100%| O|  |TAMS 0x000000070e200000| PB 0x000000070e200000| Untracked 
|  31|0x000000070e400000, 0x000000070e600000, 0x000000070e600000|100%| O|  |TAMS 0x000000070e400000| PB 0x000000070e400000| Untracked 
|  32|0x000000070e600000, 0x000000070e800000, 0x000000070e800000|100%| O|  |TAMS 0x000000070e600000| PB 0x000000070e600000| Untracked 
|  33|0x000000070e800000, 0x000000070ea00000, 0x000000070ea00000|100%| O|  |TAMS 0x000000070e800000| PB 0x000000070e800000| Untracked 
|  34|0x000000070ea00000, 0x000000070ec00000, 0x000000070ec00000|100%| O|  |TAMS 0x000000070ea00000| PB 0x000000070ea00000| Untracked 
|  35|0x000000070ec00000, 0x000000070ee00000, 0x000000070ee00000|100%| O|  |TAMS 0x000000070ec00000| PB 0x000000070ec00000| Untracked 
|  36|0x000000070ee00000, 0x000000070f000000, 0x000000070f000000|100%| O|  |TAMS 0x000000070ee00000| PB 0x000000070ee00000| Untracked 
|  37|0x000000070f000000, 0x000000070f200000, 0x000000070f200000|100%| O|  |TAMS 0x000000070f000000| PB 0x000000070f000000| Untracked 
|  38|0x000000070f200000, 0x000000070f400000, 0x000000070f400000|100%| O|  |TAMS 0x000000070f200000| PB 0x000000070f200000| Untracked 
|  39|0x000000070f400000, 0x000000070f600000, 0x000000070f600000|100%| O|  |TAMS 0x000000070f400000| PB 0x000000070f400000| Untracked 
|  40|0x000000070f600000, 0x000000070f800000, 0x000000070f800000|100%| O|  |TAMS 0x000000070f600000| PB 0x000000070f600000| Untracked 
|  41|0x000000070f800000, 0x000000070fa00000, 0x000000070fa00000|100%| O|  |TAMS 0x000000070f800000| PB 0x000000070f800000| Untracked 
|  42|0x000000070fa00000, 0x000000070fc00000, 0x000000070fc00000|100%| O|  |TAMS 0x000000070fa00000| PB 0x000000070fa00000| Untracked 
|  43|0x000000070fc00000, 0x000000070fe00000, 0x000000070fe00000|100%| O|  |TAMS 0x000000070fc00000| PB 0x000000070fc00000| Untracked 
|  44|0x000000070fe00000, 0x0000000710000000, 0x0000000710000000|100%| O|  |TAMS 0x000000070fe00000| PB 0x000000070fe00000| Untracked 
|  45|0x0000000710000000, 0x0000000710200000, 0x0000000710200000|100%| O|  |TAMS 0x0000000710000000| PB 0x0000000710000000| Untracked 
|  46|0x0000000710200000, 0x0000000710400000, 0x0000000710400000|100%| O|  |TAMS 0x0000000710200000| PB 0x0000000710200000| Untracked 
|  47|0x0000000710400000, 0x0000000710600000, 0x0000000710600000|100%| O|  |TAMS 0x0000000710400000| PB 0x0000000710400000| Untracked 
|  48|0x0000000710600000, 0x0000000710800000, 0x0000000710800000|100%| O|  |TAMS 0x0000000710600000| PB 0x0000000710600000| Untracked 
|  49|0x0000000710800000, 0x0000000710a00000, 0x0000000710a00000|100%| O|  |TAMS 0x0000000710800000| PB 0x0000000710800000| Untracked 
|  50|0x0000000710a00000, 0x0000000710c00000, 0x0000000710c00000|100%| O|  |TAMS 0x0000000710a00000| PB 0x0000000710a00000| Untracked 
|  51|0x0000000710c00000, 0x0000000710e00000, 0x0000000710e00000|100%| O|  |TAMS 0x0000000710c00000| PB 0x0000000710c00000| Untracked 
|  52|0x0000000710e00000, 0x0000000711000000, 0x0000000711000000|100%| O|  |TAMS 0x0000000710e00000| PB 0x0000000710e00000| Untracked 
|  53|0x0000000711000000, 0x0000000711200000, 0x0000000711200000|100%| O|  |TAMS 0x0000000711000000| PB 0x0000000711000000| Untracked 
|  54|0x0000000711200000, 0x0000000711400000, 0x0000000711400000|100%| O|  |TAMS 0x0000000711200000| PB 0x0000000711200000| Untracked 
|  55|0x0000000711400000, 0x0000000711600000, 0x0000000711600000|100%| O|  |TAMS 0x0000000711400000| PB 0x0000000711400000| Untracked 
|  56|0x0000000711600000, 0x0000000711800000, 0x0000000711800000|100%| O|  |TAMS 0x0000000711600000| PB 0x0000000711600000| Untracked 
|  57|0x0000000711800000, 0x0000000711a00000, 0x0000000711a00000|100%| O|  |TAMS 0x0000000711800000| PB 0x0000000711800000| Untracked 
|  58|0x0000000711a00000, 0x0000000711c00000, 0x0000000711c00000|100%| O|  |TAMS 0x0000000711a00000| PB 0x0000000711a00000| Untracked 
|  59|0x0000000711c00000, 0x0000000711e00000, 0x0000000711e00000|100%| O|  |TAMS 0x0000000711c00000| PB 0x0000000711c00000| Untracked 
|  60|0x0000000711e00000, 0x0000000712000000, 0x0000000712000000|100%| O|  |TAMS 0x0000000711e00000| PB 0x0000000711e00000| Untracked 
|  61|0x0000000712000000, 0x0000000712200000, 0x0000000712200000|100%| O|  |TAMS 0x0000000712000000| PB 0x0000000712000000| Untracked 
|  62|0x0000000712200000, 0x0000000712400000, 0x0000000712400000|100%| O|  |TAMS 0x0000000712200000| PB 0x0000000712200000| Untracked 
|  63|0x0000000712400000, 0x0000000712600000, 0x0000000712600000|100%| O|  |TAMS 0x0000000712400000| PB 0x0000000712400000| Untracked 
|  64|0x0000000712600000, 0x0000000712800000, 0x0000000712800000|100%| O|  |TAMS 0x0000000712600000| PB 0x0000000712600000| Untracked 
|  65|0x0000000712800000, 0x0000000712a00000, 0x0000000712a00000|100%| O|  |TAMS 0x0000000712800000| PB 0x0000000712800000| Untracked 
|  66|0x0000000712a00000, 0x0000000712c00000, 0x0000000712c00000|100%| O|  |TAMS 0x0000000712a00000| PB 0x0000000712a00000| Untracked 
|  67|0x0000000712c00000, 0x0000000712e00000, 0x0000000712e00000|100%| O|  |TAMS 0x0000000712c00000| PB 0x0000000712c00000| Untracked 
|  68|0x0000000712e00000, 0x0000000713000000, 0x0000000713000000|100%| O|  |TAMS 0x0000000712e00000| PB 0x0000000712e00000| Untracked 
|  69|0x0000000713000000, 0x0000000713200000, 0x0000000713200000|100%| O|  |TAMS 0x0000000713000000| PB 0x0000000713000000| Untracked 
|  70|0x0000000713200000, 0x0000000713400000, 0x0000000713400000|100%| O|  |TAMS 0x0000000713200000| PB 0x0000000713200000| Untracked 
|  71|0x0000000713400000, 0x0000000713600000, 0x0000000713600000|100%| O|  |TAMS 0x0000000713400000| PB 0x0000000713400000| Untracked 
|  72|0x0000000713600000, 0x0000000713800000, 0x0000000713800000|100%| O|  |TAMS 0x0000000713600000| PB 0x0000000713600000| Untracked 
|  73|0x0000000713800000, 0x0000000713a00000, 0x0000000713a00000|100%| O|  |TAMS 0x0000000713800000| PB 0x0000000713800000| Untracked 
|  74|0x0000000713a00000, 0x0000000713c00000, 0x0000000713c00000|100%| O|  |TAMS 0x0000000713a00000| PB 0x0000000713a00000| Untracked 
|  75|0x0000000713c00000, 0x0000000713e00000, 0x0000000713e00000|100%| O|  |TAMS 0x0000000713c00000| PB 0x0000000713c00000| Untracked 
|  76|0x0000000713e00000, 0x0000000714000000, 0x0000000714000000|100%| O|  |TAMS 0x0000000713e00000| PB 0x0000000713e00000| Untracked 
|  77|0x0000000714000000, 0x0000000714200000, 0x0000000714200000|100%| O|  |TAMS 0x0000000714000000| PB 0x0000000714000000| Untracked 
|  78|0x0000000714200000, 0x0000000714400000, 0x0000000714400000|100%| O|  |TAMS 0x0000000714200000| PB 0x0000000714200000| Untracked 
|  79|0x0000000714400000, 0x0000000714600000, 0x0000000714600000|100%| O|  |TAMS 0x0000000714400000| PB 0x0000000714400000| Untracked 
|  80|0x0000000714600000, 0x0000000714800000, 0x0000000714800000|100%| O|  |TAMS 0x0000000714600000| PB 0x0000000714600000| Untracked 
|  81|0x0000000714800000, 0x0000000714a00000, 0x0000000714a00000|100%| O|  |TAMS 0x0000000714800000| PB 0x0000000714800000| Untracked 
|  82|0x0000000714a00000, 0x0000000714c00000, 0x0000000714c00000|100%| O|  |TAMS 0x0000000714a00000| PB 0x0000000714a00000| Untracked 
|  83|0x0000000714c00000, 0x0000000714e00000, 0x0000000714e00000|100%| O|  |TAMS 0x0000000714c00000| PB 0x0000000714c00000| Untracked 
|  84|0x0000000714e00000, 0x0000000715000000, 0x0000000715000000|100%| O|  |TAMS 0x0000000714e00000| PB 0x0000000714e00000| Untracked 
|  85|0x0000000715000000, 0x0000000715200000, 0x0000000715200000|100%| O|Cm|TAMS 0x0000000715000000| PB 0x0000000715000000| Complete 
|  86|0x0000000715200000, 0x0000000715400000, 0x0000000715400000|100%| O|  |TAMS 0x0000000715200000| PB 0x0000000715200000| Untracked 
|  87|0x0000000715400000, 0x0000000715600000, 0x0000000715600000|100%| O|Cm|TAMS 0x0000000715400000| PB 0x0000000715400000| Complete 
|  88|0x0000000715600000, 0x0000000715800000, 0x0000000715800000|100%| O|Cm|TAMS 0x0000000715600000| PB 0x0000000715600000| Complete 
|  89|0x0000000715800000, 0x0000000715a00000, 0x0000000715a00000|100%| O|  |TAMS 0x0000000715800000| PB 0x0000000715800000| Untracked 
|  90|0x0000000715a00000, 0x0000000715c00000, 0x0000000715c00000|100%| O|  |TAMS 0x0000000715a00000| PB 0x0000000715a00000| Untracked 
|  91|0x0000000715c00000, 0x0000000715e00000, 0x0000000715e00000|100%| O|  |TAMS 0x0000000715c00000| PB 0x0000000715c00000| Untracked 
|  92|0x0000000715e00000, 0x0000000716000000, 0x0000000716000000|100%| O|  |TAMS 0x0000000715e00000| PB 0x0000000715e00000| Untracked 
|  93|0x0000000716000000, 0x00000007160d3f00, 0x0000000716200000| 41%| O|  |TAMS 0x0000000716000000| PB 0x0000000716000000| Untracked 
|  94|0x0000000716200000, 0x0000000716200000, 0x0000000716400000|  0%| F|  |TAMS 0x0000000716200000| PB 0x0000000716200000| Untracked 
|  95|0x0000000716400000, 0x0000000716400000, 0x0000000716600000|  0%| F|  |TAMS 0x0000000716400000| PB 0x0000000716400000| Untracked 
|  96|0x0000000716600000, 0x0000000716600000, 0x0000000716800000|  0%| F|  |TAMS 0x0000000716600000| PB 0x0000000716600000| Untracked 
|  97|0x0000000716800000, 0x0000000716800000, 0x0000000716a00000|  0%| F|  |TAMS 0x0000000716800000| PB 0x0000000716800000| Untracked 
|  98|0x0000000716a00000, 0x0000000716a00000, 0x0000000716c00000|  0%| F|  |TAMS 0x0000000716a00000| PB 0x0000000716a00000| Untracked 
|  99|0x0000000716c00000, 0x0000000716c00000, 0x0000000716e00000|  0%| F|  |TAMS 0x0000000716c00000| PB 0x0000000716c00000| Untracked 
| 100|0x0000000716e00000, 0x0000000716e00000, 0x0000000717000000|  0%| F|  |TAMS 0x0000000716e00000| PB 0x0000000716e00000| Untracked 
| 101|0x0000000717000000, 0x0000000717000000, 0x0000000717200000|  0%| F|  |TAMS 0x0000000717000000| PB 0x0000000717000000| Untracked 
| 102|0x0000000717200000, 0x0000000717200000, 0x0000000717400000|  0%| F|  |TAMS 0x0000000717200000| PB 0x0000000717200000| Untracked 
| 103|0x0000000717400000, 0x0000000717400000, 0x0000000717600000|  0%| F|  |TAMS 0x0000000717400000| PB 0x0000000717400000| Untracked 
| 104|0x0000000717600000, 0x0000000717600000, 0x0000000717800000|  0%| F|  |TAMS 0x0000000717600000| PB 0x0000000717600000| Untracked 
| 105|0x0000000717800000, 0x0000000717800000, 0x0000000717a00000|  0%| F|  |TAMS 0x0000000717800000| PB 0x0000000717800000| Untracked 
| 106|0x0000000717a00000, 0x0000000717a00000, 0x0000000717c00000|  0%| F|  |TAMS 0x0000000717a00000| PB 0x0000000717a00000| Untracked 
| 107|0x0000000717c00000, 0x0000000717c00000, 0x0000000717e00000|  0%| F|  |TAMS 0x0000000717c00000| PB 0x0000000717c00000| Untracked 
| 108|0x0000000717e00000, 0x0000000717e00000, 0x0000000718000000|  0%| F|  |TAMS 0x0000000717e00000| PB 0x0000000717e00000| Untracked 
| 109|0x0000000718000000, 0x0000000718000000, 0x0000000718200000|  0%| F|  |TAMS 0x0000000718000000| PB 0x0000000718000000| Untracked 
| 110|0x0000000718200000, 0x0000000718200000, 0x0000000718400000|  0%| F|  |TAMS 0x0000000718200000| PB 0x0000000718200000| Untracked 
| 111|0x0000000718400000, 0x00000007185ef3c0, 0x0000000718600000| 96%| S|CS|TAMS 0x0000000718400000| PB 0x0000000718400000| Complete 
| 112|0x0000000718600000, 0x0000000718800000, 0x0000000718800000|100%| S|CS|TAMS 0x0000000718600000| PB 0x0000000718600000| Complete 
| 113|0x0000000718800000, 0x0000000718a00000, 0x0000000718a00000|100%| S|CS|TAMS 0x0000000718800000| PB 0x0000000718800000| Complete 
| 114|0x0000000718a00000, 0x0000000718c00000, 0x0000000718c00000|100%| S|CS|TAMS 0x0000000718a00000| PB 0x0000000718a00000| Complete 
| 115|0x0000000718c00000, 0x0000000718e00000, 0x0000000718e00000|100%| S|CS|TAMS 0x0000000718c00000| PB 0x0000000718c00000| Complete 
| 116|0x0000000718e00000, 0x0000000718e00000, 0x0000000719000000|  0%| F|  |TAMS 0x0000000718e00000| PB 0x0000000718e00000| Untracked 
| 117|0x0000000719000000, 0x0000000719000000, 0x0000000719200000|  0%| F|  |TAMS 0x0000000719000000| PB 0x0000000719000000| Untracked 
| 118|0x0000000719200000, 0x0000000719200000, 0x0000000719400000|  0%| F|  |TAMS 0x0000000719200000| PB 0x0000000719200000| Untracked 
| 119|0x0000000719400000, 0x0000000719400000, 0x0000000719600000|  0%| F|  |TAMS 0x0000000719400000| PB 0x0000000719400000| Untracked 
| 120|0x0000000719600000, 0x0000000719600000, 0x0000000719800000|  0%| F|  |TAMS 0x0000000719600000| PB 0x0000000719600000| Untracked 
| 121|0x0000000719800000, 0x0000000719800000, 0x0000000719a00000|  0%| F|  |TAMS 0x0000000719800000| PB 0x0000000719800000| Untracked 
| 122|0x0000000719a00000, 0x0000000719a00000, 0x0000000719c00000|  0%| F|  |TAMS 0x0000000719a00000| PB 0x0000000719a00000| Untracked 
| 123|0x0000000719c00000, 0x0000000719c00000, 0x0000000719e00000|  0%| F|  |TAMS 0x0000000719c00000| PB 0x0000000719c00000| Untracked 
| 124|0x0000000719e00000, 0x0000000719e00000, 0x000000071a000000|  0%| F|  |TAMS 0x0000000719e00000| PB 0x0000000719e00000| Untracked 
| 125|0x000000071a000000, 0x000000071a000000, 0x000000071a200000|  0%| F|  |TAMS 0x000000071a000000| PB 0x000000071a000000| Untracked 
| 126|0x000000071a200000, 0x000000071a200000, 0x000000071a400000|  0%| F|  |TAMS 0x000000071a200000| PB 0x000000071a200000| Untracked 
| 127|0x000000071a400000, 0x000000071a400000, 0x000000071a600000|  0%| F|  |TAMS 0x000000071a400000| PB 0x000000071a400000| Untracked 
| 128|0x000000071a600000, 0x000000071a600000, 0x000000071a800000|  0%| F|  |TAMS 0x000000071a600000| PB 0x000000071a600000| Untracked 
| 129|0x000000071a800000, 0x000000071a800000, 0x000000071aa00000|  0%| F|  |TAMS 0x000000071a800000| PB 0x000000071a800000| Untracked 
| 130|0x000000071aa00000, 0x000000071aa00000, 0x000000071ac00000|  0%| F|  |TAMS 0x000000071aa00000| PB 0x000000071aa00000| Untracked 
| 131|0x000000071ac00000, 0x000000071ac00000, 0x000000071ae00000|  0%| F|  |TAMS 0x000000071ac00000| PB 0x000000071ac00000| Untracked 
| 132|0x000000071ae00000, 0x000000071ae00000, 0x000000071b000000|  0%| F|  |TAMS 0x000000071ae00000| PB 0x000000071ae00000| Untracked 
| 133|0x000000071b000000, 0x000000071b000000, 0x000000071b200000|  0%| F|  |TAMS 0x000000071b000000| PB 0x000000071b000000| Untracked 
| 134|0x000000071b200000, 0x000000071b200000, 0x000000071b400000|  0%| F|  |TAMS 0x000000071b200000| PB 0x000000071b200000| Untracked 
| 135|0x000000071b400000, 0x000000071b400000, 0x000000071b600000|  0%| F|  |TAMS 0x000000071b400000| PB 0x000000071b400000| Untracked 
| 136|0x000000071b600000, 0x000000071b600000, 0x000000071b800000|  0%| F|  |TAMS 0x000000071b600000| PB 0x000000071b600000| Untracked 
| 137|0x000000071b800000, 0x000000071b800000, 0x000000071ba00000|  0%| F|  |TAMS 0x000000071b800000| PB 0x000000071b800000| Untracked 
| 138|0x000000071ba00000, 0x000000071ba00000, 0x000000071bc00000|  0%| F|  |TAMS 0x000000071ba00000| PB 0x000000071ba00000| Untracked 
| 139|0x000000071bc00000, 0x000000071bc00000, 0x000000071be00000|  0%| F|  |TAMS 0x000000071bc00000| PB 0x000000071bc00000| Untracked 
| 140|0x000000071be00000, 0x000000071be00000, 0x000000071c000000|  0%| F|  |TAMS 0x000000071be00000| PB 0x000000071be00000| Untracked 
| 141|0x000000071c000000, 0x000000071c000000, 0x000000071c200000|  0%| F|  |TAMS 0x000000071c000000| PB 0x000000071c000000| Untracked 
| 142|0x000000071c200000, 0x000000071c200000, 0x000000071c400000|  0%| F|  |TAMS 0x000000071c200000| PB 0x000000071c200000| Untracked 
| 143|0x000000071c400000, 0x000000071c400000, 0x000000071c600000|  0%| F|  |TAMS 0x000000071c400000| PB 0x000000071c400000| Untracked 
| 144|0x000000071c600000, 0x000000071c600000, 0x000000071c800000|  0%| F|  |TAMS 0x000000071c600000| PB 0x000000071c600000| Untracked 
| 145|0x000000071c800000, 0x000000071c800000, 0x000000071ca00000|  0%| F|  |TAMS 0x000000071c800000| PB 0x000000071c800000| Untracked 
| 146|0x000000071ca00000, 0x000000071ca00000, 0x000000071cc00000|  0%| F|  |TAMS 0x000000071ca00000| PB 0x000000071ca00000| Untracked 
| 147|0x000000071cc00000, 0x000000071cc00000, 0x000000071ce00000|  0%| F|  |TAMS 0x000000071cc00000| PB 0x000000071cc00000| Untracked 
| 148|0x000000071ce00000, 0x000000071ce00000, 0x000000071d000000|  0%| F|  |TAMS 0x000000071ce00000| PB 0x000000071ce00000| Untracked 
| 149|0x000000071d000000, 0x000000071d100000, 0x000000071d200000| 50%| E|  |TAMS 0x000000071d000000| PB 0x000000071d000000| Complete 
| 150|0x000000071d200000, 0x000000071d400000, 0x000000071d400000|100%| E|CS|TAMS 0x000000071d200000| PB 0x000000071d200000| Complete 
| 151|0x000000071d400000, 0x000000071d600000, 0x000000071d600000|100%| E|CS|TAMS 0x000000071d400000| PB 0x000000071d400000| Complete 
| 152|0x000000071d600000, 0x000000071d800000, 0x000000071d800000|100%| E|CS|TAMS 0x000000071d600000| PB 0x000000071d600000| Complete 
| 153|0x000000071d800000, 0x000000071da00000, 0x000000071da00000|100%| E|CS|TAMS 0x000000071d800000| PB 0x000000071d800000| Complete 
| 154|0x000000071da00000, 0x000000071dc00000, 0x000000071dc00000|100%| E|CS|TAMS 0x000000071da00000| PB 0x000000071da00000| Complete 
| 155|0x000000071dc00000, 0x000000071de00000, 0x000000071de00000|100%| E|CS|TAMS 0x000000071dc00000| PB 0x000000071dc00000| Complete 
| 156|0x000000071de00000, 0x000000071e000000, 0x000000071e000000|100%| E|CS|TAMS 0x000000071de00000| PB 0x000000071de00000| Complete 
| 157|0x000000071e000000, 0x000000071e200000, 0x000000071e200000|100%| E|CS|TAMS 0x000000071e000000| PB 0x000000071e000000| Complete 
| 158|0x000000071e200000, 0x000000071e400000, 0x000000071e400000|100%| E|CS|TAMS 0x000000071e200000| PB 0x000000071e200000| Complete 
| 159|0x000000071e400000, 0x000000071e600000, 0x000000071e600000|100%| E|CS|TAMS 0x000000071e400000| PB 0x000000071e400000| Complete 
| 160|0x000000071e600000, 0x000000071e800000, 0x000000071e800000|100%| E|CS|TAMS 0x000000071e600000| PB 0x000000071e600000| Complete 
|1964|0x00000007ffe00000, 0x0000000800000000, 0x0000000800000000|100%| O|  |TAMS 0x00000007ffe00000| PB 0x00000007ffe00000| Untracked 

Card table byte_map: [0x000001f39e490000,0x000001f39ec40000] _byte_map_base: 0x000001f39ac3d000

Marking Bits: (CMBitMap*) 0x000001f38b8b7d10
 Bits: [0x000001f39ec40000, 0x000001f3a29a8000)

Polling page: 0x000001f389600000

Metaspace:

Usage:
  Non-class:     88.12 MB used.
      Class:      9.96 MB used.
       Both:     98.08 MB used.

Virtual space:
  Non-class space:      128.00 MB reserved,      88.38 MB ( 69%) committed,  2 nodes.
      Class space:        1.00 GB reserved,      10.12 MB ( <1%) committed,  1 nodes.
             Both:        1.12 GB reserved,      98.50 MB (  9%) committed. 

Chunk freelists:
   Non-Class:  7.48 MB
       Class:  5.70 MB
        Both:  13.18 MB

MaxMetaspaceSize: unlimited
CompressedClassSpaceSize: 1.00 GB
Initial GC threshold: 21.00 MB
Current GC threshold: 154.19 MB
CDS: off
 - commit_granule_bytes: 65536.
 - commit_granule_words: 8192.
 - virtual_space_node_default_size: 8388608.
 - enlarge_chunks_in_place: 1.
 - use_allocation_guard: 0.


Internal statistics:

num_allocs_failed_limit: 3.
num_arena_births: 452.
num_arena_deaths: 0.
num_vsnodes_births: 3.
num_vsnodes_deaths: 0.
num_space_committed: 1574.
num_space_uncommitted: 0.
num_chunks_returned_to_freelist: 3.
num_chunks_taken_from_freelist: 3643.
num_chunk_merges: 3.
num_chunk_splits: 3057.
num_chunks_enlarged: 2769.
num_inconsistent_stats: 0.

CodeHeap 'non-profiled nmethods': size=120000Kb used=14792Kb max_used=15587Kb free=105207Kb
 bounds [0x000001f396480000, 0x000001f3973c0000, 0x000001f39d9b0000]
CodeHeap 'profiled nmethods': size=120000Kb used=72814Kb max_used=73809Kb free=47185Kb
 bounds [0x000001f38e9b0000, 0x000001f3931d0000, 0x000001f395ee0000]
CodeHeap 'non-nmethods': size=5760Kb used=1741Kb max_used=1820Kb free=4018Kb
 bounds [0x000001f395ee0000, 0x000001f396150000, 0x000001f396480000]
CodeCache: size=245760Kb, used=89347Kb, max_used=91216Kb, free=156410Kb
 total_blobs=19689, nmethods=18825, adapters=763, full_count=0
Compilation: enabled, stopped_count=0, restarted_count=0

Compilation events (20 events):
Event: 143.464 Thread 0x000001f3a56663e0 nmethod 24558 0x000001f390230690 code [0x000001f390230880, 0x000001f390230be8]
Event: 143.464 Thread 0x000001f3a56663e0 24559       3       org.jetbrains.kotlin.types.AbstractTypeMapper::mapType (561 bytes)
Event: 143.486 Thread 0x000001f3a56663e0 nmethod 24559 0x000001f38ee04190 code [0x000001f38ee05160, 0x000001f38ee0ea48]
Event: 143.504 Thread 0x000001f3ad1d2c90 24557       4       org.jetbrains.org.objectweb.asm.ByteVector::putUTF8 (144 bytes)
Event: 143.514 Thread 0x000001f3ad1d2c90 nmethod 24557 0x000001f396f5d810 code [0x000001f396f5d9e0, 0x000001f396f5de18]
Event: 143.514 Thread 0x000001f3ad1d2c90 24556       4       org.jetbrains.org.objectweb.asm.tree.analysis.Frame::execute (2125 bytes)
Event: 143.522 Thread 0x000001f3a56663e0 24560       3       org.jetbrains.kotlin.fir.serialization.FirElementSerializer::getClassifierId (29 bytes)
Event: 143.524 Thread 0x000001f3a56663e0 nmethod 24560 0x000001f38ee03190 code [0x000001f38ee03420, 0x000001f38ee03dc8]
Event: 143.524 Thread 0x000001f3a56663e0 24562       3       org.jetbrains.kotlin.fir.extensions.FirTypeAttributeExtensionKt::getTypeAttributeExtensions (25 bytes)
Event: 143.524 Thread 0x000001f3a56663e0 nmethod 24562 0x000001f38ee02590 code [0x000001f38ee027c0, 0x000001f38ee02ec0]
Event: 143.525 Thread 0x000001f3a56663e0 24561       3       org.jetbrains.kotlin.fir.ClassMembersKt::getContainingScriptSymbolAttr (25 bytes)
Event: 143.529 Thread 0x000001f3a56663e0 nmethod 24561 0x000001f38ef5cb90 code [0x000001f38ef5d040, 0x000001f38ef5ef58]
Event: 143.529 Thread 0x000001f3a56663e0 24563       3       org.jetbrains.kotlin.protobuf.GeneratedMessageLite$ExtendableMessage::newExtensionWriter (11 bytes)
Event: 143.529 Thread 0x000001f3a56663e0 nmethod 24563 0x000001f38ee02090 code [0x000001f38ee02240, 0x000001f38ee02450]
Event: 143.529 Thread 0x000001f3a56663e0 24564       3       org.jetbrains.kotlin.protobuf.GeneratedMessageLite$ExtendableMessage$ExtensionWriter::<init> (7 bytes)
Event: 143.529 Thread 0x000001f3a56663e0 nmethod 24564 0x000001f390143910 code [0x000001f390143ac0, 0x000001f390143bf8]
Event: 143.536 Thread 0x000001f3a56663e0 24565       3       org.jetbrains.kotlin.protobuf.GeneratedMessageLite$ExtendableMessage$ExtensionWriter::<init> (57 bytes)
Event: 143.537 Thread 0x000001f3a56663e0 nmethod 24565 0x000001f38ee01590 code [0x000001f38ee01780, 0x000001f38ee01d88]
Event: 143.562 Thread 0x000001f3a56663e0 24566       3       org.jetbrains.kotlin.protobuf.SmallSortedMap::entrySet (25 bytes)
Event: 143.563 Thread 0x000001f3a56663e0 nmethod 24566 0x000001f38ef5c410 code [0x000001f38ef5c5e0, 0x000001f38ef5ca30]

GC Heap History (20 events):
Event: 96.479 GC heap before
{Heap before GC invocations=30 (full 0):
 garbage-first heap   total 233472K, used 195130K [0x000000070a600000, 0x0000000800000000)
  region size 2048K, 31 young (63488K), 3 survivors (6144K)
 Metaspace       used 62407K, committed 62656K, reserved 1114112K
  class space    used 6909K, committed 7040K, reserved 1048576K
}
Event: 96.505 GC heap after
{Heap after GC invocations=31 (full 0):
 garbage-first heap   total 233472K, used 140905K [0x000000070a600000, 0x0000000800000000)
  region size 2048K, 3 young (6144K), 3 survivors (6144K)
 Metaspace       used 62407K, committed 62656K, reserved 1114112K
  class space    used 6909K, committed 7040K, reserved 1048576K
}
Event: 104.275 GC heap before
{Heap before GC invocations=31 (full 0):
 garbage-first heap   total 233472K, used 210537K [0x000000070a600000, 0x0000000800000000)
  region size 2048K, 37 young (75776K), 3 survivors (6144K)
 Metaspace       used 66562K, committed 66880K, reserved 1114112K
  class space    used 7234K, committed 7360K, reserved 1048576K
}
Event: 104.307 GC heap after
{Heap after GC invocations=32 (full 0):
 garbage-first heap   total 233472K, used 145838K [0x000000070a600000, 0x0000000800000000)
  region size 2048K, 5 young (10240K), 5 survivors (10240K)
 Metaspace       used 66562K, committed 66880K, reserved 1114112K
  class space    used 7234K, committed 7360K, reserved 1048576K
}
Event: 110.272 GC heap before
{Heap before GC invocations=32 (full 0):
 garbage-first heap   total 233472K, used 211374K [0x000000070a600000, 0x0000000800000000)
  region size 2048K, 37 young (75776K), 5 survivors (10240K)
 Metaspace       used 67388K, committed 67712K, reserved 1114112K
  class space    used 7258K, committed 7424K, reserved 1048576K
}
Event: 110.303 GC heap after
{Heap after GC invocations=33 (full 0):
 garbage-first heap   total 233472K, used 153288K [0x000000070a600000, 0x0000000800000000)
  region size 2048K, 4 young (8192K), 4 survivors (8192K)
 Metaspace       used 67388K, committed 67712K, reserved 1114112K
  class space    used 7258K, committed 7424K, reserved 1048576K
}
Event: 115.249 GC heap before
{Heap before GC invocations=34 (full 0):
 garbage-first heap   total 260096K, used 212680K [0x000000070a600000, 0x0000000800000000)
  region size 2048K, 33 young (67584K), 4 survivors (8192K)
 Metaspace       used 73791K, committed 74112K, reserved 1179648K
  class space    used 7828K, committed 8000K, reserved 1048576K
}
Event: 115.280 GC heap after
{Heap after GC invocations=35 (full 0):
 garbage-first heap   total 260096K, used 162109K [0x000000070a600000, 0x0000000800000000)
  region size 2048K, 5 young (10240K), 5 survivors (10240K)
 Metaspace       used 73791K, committed 74112K, reserved 1179648K
  class space    used 7828K, committed 8000K, reserved 1048576K
}
Event: 121.279 GC heap before
{Heap before GC invocations=35 (full 0):
 garbage-first heap   total 260096K, used 233789K [0x000000070a600000, 0x0000000800000000)
  region size 2048K, 40 young (81920K), 5 survivors (10240K)
 Metaspace       used 78825K, committed 79104K, reserved 1179648K
  class space    used 8232K, committed 8384K, reserved 1048576K
}
Event: 121.318 GC heap after
{Heap after GC invocations=36 (full 0):
 garbage-first heap   total 260096K, used 170657K [0x000000070a600000, 0x0000000800000000)
  region size 2048K, 5 young (10240K), 5 survivors (10240K)
 Metaspace       used 78825K, committed 79104K, reserved 1179648K
  class space    used 8232K, committed 8384K, reserved 1048576K
}
Event: 124.673 GC heap before
{Heap before GC invocations=36 (full 0):
 garbage-first heap   total 260096K, used 236193K [0x000000070a600000, 0x0000000800000000)
  region size 2048K, 37 young (75776K), 5 survivors (10240K)
 Metaspace       used 80113K, committed 80448K, reserved 1179648K
  class space    used 8333K, committed 8448K, reserved 1048576K
}
Event: 124.707 GC heap after
{Heap after GC invocations=37 (full 0):
 garbage-first heap   total 260096K, used 182116K [0x000000070a600000, 0x0000000800000000)
  region size 2048K, 5 young (10240K), 5 survivors (10240K)
 Metaspace       used 80113K, committed 80448K, reserved 1179648K
  class space    used 8333K, committed 8448K, reserved 1048576K
}
Event: 127.681 GC heap before
{Heap before GC invocations=38 (full 0):
 garbage-first heap   total 305152K, used 237412K [0x000000070a600000, 0x0000000800000000)
  region size 2048K, 32 young (65536K), 5 survivors (10240K)
 Metaspace       used 82331K, committed 82624K, reserved 1179648K
  class space    used 8529K, committed 8640K, reserved 1048576K
}
Event: 127.706 GC heap after
{Heap after GC invocations=39 (full 0):
 garbage-first heap   total 305152K, used 188650K [0x000000070a600000, 0x0000000800000000)
  region size 2048K, 3 young (6144K), 3 survivors (6144K)
 Metaspace       used 82331K, committed 82624K, reserved 1179648K
  class space    used 8529K, committed 8640K, reserved 1048576K
}
Event: 133.771 GC heap before
{Heap before GC invocations=39 (full 0):
 garbage-first heap   total 305152K, used 272618K [0x000000070a600000, 0x0000000800000000)
  region size 2048K, 44 young (90112K), 3 survivors (6144K)
 Metaspace       used 93396K, committed 93760K, reserved 1179648K
  class space    used 9681K, committed 9856K, reserved 1048576K
}
Event: 133.791 GC heap after
{Heap after GC invocations=40 (full 0):
 garbage-first heap   total 305152K, used 193322K [0x000000070a600000, 0x0000000800000000)
  region size 2048K, 5 young (10240K), 5 survivors (10240K)
 Metaspace       used 93396K, committed 93760K, reserved 1179648K
  class space    used 9681K, committed 9856K, reserved 1048576K
}
Event: 137.118 GC heap before
{Heap before GC invocations=40 (full 0):
 garbage-first heap   total 305152K, used 244522K [0x000000070a600000, 0x0000000800000000)
  region size 2048K, 31 young (63488K), 5 survivors (10240K)
 Metaspace       used 94271K, committed 94592K, reserved 1179648K
  class space    used 9699K, committed 9856K, reserved 1048576K
}
Event: 137.158 GC heap after
{Heap after GC invocations=41 (full 0):
 garbage-first heap   total 305152K, used 196670K [0x000000070a600000, 0x0000000800000000)
  region size 2048K, 5 young (10240K), 5 survivors (10240K)
 Metaspace       used 94271K, committed 94592K, reserved 1179648K
  class space    used 9699K, committed 9856K, reserved 1048576K
}
Event: 142.441 GC heap before
{Heap before GC invocations=42 (full 0):
 garbage-first heap   total 331776K, used 278590K [0x000000070a600000, 0x0000000800000000)
  region size 2048K, 45 young (92160K), 5 survivors (10240K)
 Metaspace       used 100238K, committed 100672K, reserved 1179648K
  class space    used 10192K, committed 10368K, reserved 1048576K
}
Event: 142.467 GC heap after
{Heap after GC invocations=43 (full 0):
 garbage-first heap   total 331776K, used 203532K [0x000000070a600000, 0x0000000800000000)
  region size 2048K, 5 young (10240K), 5 survivors (10240K)
 Metaspace       used 100238K, committed 100672K, reserved 1179648K
  class space    used 10192K, committed 10368K, reserved 1048576K
}

Dll operation events (3 events):
Event: 0.033 Loaded shared library D:\software\android studio\jbr\bin\java.dll
Event: 0.056 Loaded shared library D:\software\android studio\jbr\bin\zip.dll
Event: 8.015 Loaded shared library D:\software\android studio\jbr\bin\verify.dll

Deoptimization events (20 events):
Event: 143.393 Thread 0x000001f3893a6790 DEOPT PACKING pc=0x000001f391995a0f sp=0x000000cfcc0fb800
Event: 143.394 Thread 0x000001f3893a6790 DEOPT UNPACKING pc=0x000001f395f34bc2 sp=0x000000cfcc0fad78 mode 0
Event: 143.395 Thread 0x000001f3893a6790 DEOPT PACKING pc=0x000001f391995a0f sp=0x000000cfcc0fb7a0
Event: 143.395 Thread 0x000001f3893a6790 DEOPT UNPACKING pc=0x000001f395f34bc2 sp=0x000000cfcc0fad18 mode 0
Event: 143.395 Thread 0x000001f3893a6790 DEOPT PACKING pc=0x000001f391995a0f sp=0x000000cfcc0fb7a0
Event: 143.395 Thread 0x000001f3893a6790 DEOPT UNPACKING pc=0x000001f395f34bc2 sp=0x000000cfcc0fad18 mode 0
Event: 143.400 Thread 0x000001f3893a6790 DEOPT PACKING pc=0x000001f38fef2059 sp=0x000000cfcc0fb7a0
Event: 143.400 Thread 0x000001f3893a6790 DEOPT UNPACKING pc=0x000001f395f34bc2 sp=0x000000cfcc0fae10 mode 0
Event: 143.415 Thread 0x000001f3893a6790 Uncommon trap: trap_request=0xffffff45 fr.pc=0x000001f39664b834 relative=0x0000000000000194
Event: 143.415 Thread 0x000001f3893a6790 Uncommon trap: reason=unstable_if action=reinterpret pc=0x000001f39664b834 method=jdk.internal.util.ArraysSupport.vectorizedHashCode(Ljava/lang/Object;IIII)I @ 2 c2
Event: 143.415 Thread 0x000001f3893a6790 DEOPT PACKING pc=0x000001f39664b834 sp=0x000000cfcc0fb750
Event: 143.415 Thread 0x000001f3893a6790 DEOPT UNPACKING pc=0x000001f395f34422 sp=0x000000cfcc0fb700 mode 2
Event: 143.425 Thread 0x000001f3893a6790 DEOPT PACKING pc=0x000001f3901c6737 sp=0x000000cfcc0fb6d0
Event: 143.425 Thread 0x000001f3893a6790 DEOPT UNPACKING pc=0x000001f395f34bc2 sp=0x000000cfcc0fabd0 mode 0
Event: 143.432 Thread 0x000001f3893a6790 Uncommon trap: trap_request=0xffffff45 fr.pc=0x000001f397129c14 relative=0x00000000000073b4
Event: 143.432 Thread 0x000001f3893a6790 Uncommon trap: reason=unstable_if action=reinterpret pc=0x000001f397129c14 method=org.jetbrains.kotlin.types.AbstractTypeMapper.mapType(Lorg/jetbrains/kotlin/types/TypeSystemCommonBackendContextForTypeMapping;Lorg/jetbrains/kotlin/types/TypeMappingContext
Event: 143.432 Thread 0x000001f3893a6790 DEOPT PACKING pc=0x000001f397129c14 sp=0x000000cfcc0fa200
Event: 143.432 Thread 0x000001f3893a6790 DEOPT UNPACKING pc=0x000001f395f34422 sp=0x000000cfcc0fa208 mode 2
Event: 143.462 Thread 0x000001f3893a6790 DEOPT PACKING pc=0x000001f3901c6737 sp=0x000000cfcc0fd650
Event: 143.462 Thread 0x000001f3893a6790 DEOPT UNPACKING pc=0x000001f395f34bc2 sp=0x000000cfcc0fcb50 mode 0

Classes loaded (20 events):
Event: 132.206 Loading class sun/security/jca/GetInstance$Instance
Event: 132.206 Loading class sun/security/jca/GetInstance$Instance done
Event: 132.206 Loading class java/security/MessageDigest$Delegate
Event: 132.206 Loading class sun/security/util/MessageDigestSpi2
Event: 132.206 Loading class sun/security/util/MessageDigestSpi2 done
Event: 132.206 Loading class java/security/MessageDigest$Delegate done
Event: 132.207 Loading class java/security/MessageDigest$Delegate$CloneableDelegate
Event: 132.207 Loading class java/security/MessageDigest$Delegate$CloneableDelegate done
Event: 132.207 Loading class sun/security/provider/ByteArrayAccess$LE
Event: 132.207 Loading class sun/security/provider/ByteArrayAccess$LE done
Event: 132.207 Loading class sun/security/provider/ByteArrayAccess
Event: 132.207 Loading class sun/security/provider/ByteArrayAccess done
Event: 132.208 Loading class java/util/Base64
Event: 132.208 Loading class java/util/Base64 done
Event: 132.208 Loading class java/util/Base64$Encoder
Event: 132.209 Loading class java/util/Base64$Encoder done
Event: 138.561 Loading class java/lang/TypeNotPresentException
Event: 138.562 Loading class java/lang/TypeNotPresentException done
Event: 139.016 Loading class java/util/Vector$Itr
Event: 139.016 Loading class java/util/Vector$Itr done

Classes unloaded (0 events):
No events

Classes redefined (0 events):
No events

Internal exceptions (20 events):
Event: 129.929 Thread 0x000001f3893a6790 Implicit null exception at 0x000001f3970a15f3 to 0x000001f3970a1ac0
Event: 131.549 Thread 0x000001f3893a6790 Implicit null exception at 0x000001f396ec4a20 to 0x000001f396ec4d48
Event: 131.549 Thread 0x000001f3893a6790 Implicit null exception at 0x000001f396a91d80 to 0x000001f396a92048
Event: 131.549 Thread 0x000001f3893a6790 Implicit null exception at 0x000001f3972676e0 to 0x000001f39726782d
Event: 131.550 Thread 0x000001f3893a6790 Implicit null exception at 0x000001f3972594e0 to 0x000001f39725962d
Event: 131.821 Thread 0x000001f3893a6790 Exception <a 'java/lang/NoSuchMethodError'{0x0000000718b083b8}: 'java.lang.Object java.lang.invoke.DirectMethodHandle$Holder.invokeStaticInit(java.lang.Object, java.lang.Object, int, java.lang.Object)'> (0x0000000718b083b8) 
thrown [s\src\hotspot\share\interpreter\linkResolver.cpp, line 784]
Event: 132.267 Thread 0x000001f3893a6790 Implicit null exception at 0x000001f396ebbece to 0x000001f396ebbf90
Event: 134.282 Thread 0x000001f3893a6790 Implicit null exception at 0x000001f396ad8705 to 0x000001f396ad8ccc
Event: 138.792 Thread 0x000001f3893a6790 Exception <a 'java/lang/NoSuchMethodError'{0x000000071dba04a0}: 'java.lang.Object java.lang.invoke.DirectMethodHandle$Holder.invokeStatic(java.lang.Object, int, int)'> (0x000000071dba04a0) 
thrown [s\src\hotspot\share\interpreter\linkResolver.cpp, line 784]
Event: 139.046 Thread 0x000001f3893a6790 Exception <a 'java/lang/NoSuchMethodError'{0x000000071d6b8e80}: 'java.lang.Object java.lang.invoke.DirectMethodHandle$Holder.newInvokeSpecial(java.lang.Object, java.lang.Object, java.lang.Object, java.lang.Object, java.lang.Object, int, java.lang.Object)'> (0x000000071d6b8e80) 
thrown [s\src\hotspot\share\interpreter\linkResolver.cpp, line 784]
Event: 139.048 Thread 0x000001f3893a6790 Exception <a 'java/lang/NoSuchMethodError'{0x000000071d6bd350}: 'java.lang.Object java.lang.invoke.DirectMethodHandle$Holder.invokeSpecial(java.lang.Object, java.lang.Object, java.lang.Object, java.lang.Object, java.lang.Object, java.lang.Object, int, java.lang.Object)'> (0x000000071d6bd350) 
thrown [s\src\hotspot\share\interpreter\linkResolver.cpp, line 784]
Event: 139.048 Thread 0x000001f3893a6790 Exception <a 'java/lang/NoSuchMethodError'{0x000000071d6c0d70}: 'java.lang.Object java.lang.invoke.Invokers$Holder.linkToTargetMethod(java.lang.Object, java.lang.Object, java.lang.Object, java.lang.Object, int, java.lang.Object, java.lang.Object)'> (0x000000071d6c0d70) 
thrown [s\src\hotspot\share\interpreter\linkResolver.cpp, line 784]
Event: 139.064 Thread 0x000001f3893a6790 Exception <a 'java/lang/NoSuchMethodError'{0x000000071d6de3c0}: 'java.lang.Object java.lang.invoke.DirectMethodHandle$Holder.invokeStatic(java.lang.Object, java.lang.Object, int, int)'> (0x000000071d6de3c0) 
thrown [s\src\hotspot\share\interpreter\linkResolver.cpp, line 784]
Event: 141.077 Thread 0x000001f3893a6790 Exception <a 'java/lang/NoSuchMethodError'{0x000000071af7ee30}: 'java.lang.Object java.lang.invoke.DirectMethodHandle$Holder.newInvokeSpecial(java.lang.Object, int, int, java.lang.Object)'> (0x000000071af7ee30) 
thrown [s\src\hotspot\share\interpreter\linkResolver.cpp, line 784]
Event: 141.079 Thread 0x000001f3893a6790 Exception <a 'java/lang/NoSuchMethodError'{0x000000071af866b0}: 'java.lang.Object java.lang.invoke.Invokers$Holder.linkToTargetMethod(int, int, java.lang.Object, java.lang.Object)'> (0x000000071af866b0) 
thrown [s\src\hotspot\share\interpreter\linkResolver.cpp, line 784]
Event: 141.082 Thread 0x000001f3893a6790 Exception <a 'java/lang/NoSuchMethodError'{0x000000071af908a0}: 'java.lang.Object java.lang.invoke.DirectMethodHandle$Holder.invokeStatic(java.lang.Object, java.lang.Object, int, int, java.lang.Object)'> (0x000000071af908a0) 
thrown [s\src\hotspot\share\interpreter\linkResolver.cpp, line 784]
Event: 141.085 Thread 0x000001f3893a6790 Exception <a 'java/lang/NoSuchMethodError'{0x000000071af97758}: 'java.lang.Object java.lang.invoke.DirectMethodHandle$Holder.newInvokeSpecial(java.lang.Object, java.lang.Object, int, int)'> (0x000000071af97758) 
thrown [s\src\hotspot\share\interpreter\linkResolver.cpp, line 784]
Event: 141.086 Thread 0x000001f3893a6790 Exception <a 'java/lang/NoSuchMethodError'{0x000000071af9bcb8}: 'java.lang.Object java.lang.invoke.DirectMethodHandle$Holder.invokeSpecial(java.lang.Object, java.lang.Object, java.lang.Object, int, int)'> (0x000000071af9bcb8) 
thrown [s\src\hotspot\share\interpreter\linkResolver.cpp, line 784]
Event: 141.087 Thread 0x000001f3893a6790 Exception <a 'java/lang/NoSuchMethodError'{0x000000071af9fb40}: 'java.lang.Object java.lang.invoke.Invokers$Holder.linkToTargetMethod(java.lang.Object, int, int, java.lang.Object)'> (0x000000071af9fb40) 
thrown [s\src\hotspot\share\interpreter\linkResolver.cpp, line 784]
Event: 143.432 Thread 0x000001f3893a6790 Implicit null exception at 0x000001f397125af6 to 0x000001f397129c05

ZGC Phase Switch (0 events):
No events

VM Operations (20 events):
Event: 139.572 Executing non-safepoint VM operation: HandshakeAllThreads (Deoptimize)
Event: 139.572 Executing non-safepoint VM operation: HandshakeAllThreads (Deoptimize) done
Event: 139.707 Executing safepoint VM operation: ICBufferFull
Event: 139.708 Executing safepoint VM operation: ICBufferFull done
Event: 139.860 Executing non-safepoint VM operation: HandshakeAllThreads (Deoptimize)
Event: 139.860 Executing non-safepoint VM operation: HandshakeAllThreads (Deoptimize) done
Event: 140.160 Executing safepoint VM operation: ICBufferFull
Event: 140.161 Executing safepoint VM operation: ICBufferFull done
Event: 140.475 Executing safepoint VM operation: ICBufferFull
Event: 140.476 Executing safepoint VM operation: ICBufferFull done
Event: 140.956 Executing safepoint VM operation: ICBufferFull
Event: 140.956 Executing safepoint VM operation: ICBufferFull done
Event: 141.108 Executing safepoint VM operation: ICBufferFull
Event: 141.108 Executing safepoint VM operation: ICBufferFull done
Event: 142.111 Executing safepoint VM operation: Cleanup
Event: 142.111 Executing safepoint VM operation: Cleanup done
Event: 142.441 Executing safepoint VM operation: G1CollectForAllocation (G1 Evacuation Pause)
Event: 142.468 Executing safepoint VM operation: G1CollectForAllocation (G1 Evacuation Pause) done
Event: 143.468 Executing safepoint VM operation: Cleanup
Event: 143.468 Executing safepoint VM operation: Cleanup done

Memory protections (0 events):
No events

Nmethod flushes (20 events):
Event: 137.677 Thread 0x000001f3a55bc800 flushing  nmethod 0x000001f391bfa210
Event: 137.677 Thread 0x000001f3a55bc800 flushing  nmethod 0x000001f391bfc210
Event: 137.677 Thread 0x000001f3a55bc800 flushing  nmethod 0x000001f391bfe690
Event: 137.677 Thread 0x000001f3a55bc800 flushing  nmethod 0x000001f391c01010
Event: 137.677 Thread 0x000001f3a55bc800 flushing  nmethod 0x000001f391c96b10
Event: 137.677 Thread 0x000001f3a55bc800 flushing  nmethod 0x000001f391c98b90
Event: 137.677 Thread 0x000001f3a55bc800 flushing  nmethod 0x000001f391c9a710
Event: 137.677 Thread 0x000001f3a55bc800 flushing  nmethod 0x000001f391c9fb10
Event: 137.677 Thread 0x000001f3a55bc800 flushing  nmethod 0x000001f391ca2890
Event: 137.677 Thread 0x000001f3a55bc800 flushing  nmethod 0x000001f391ca6490
Event: 137.677 Thread 0x000001f3a55bc800 flushing  nmethod 0x000001f391ca6f90
Event: 137.677 Thread 0x000001f3a55bc800 flushing  nmethod 0x000001f391ca7b90
Event: 137.677 Thread 0x000001f3a55bc800 flushing  nmethod 0x000001f391dab490
Event: 137.677 Thread 0x000001f3a55bc800 flushing  nmethod 0x000001f391db6990
Event: 137.677 Thread 0x000001f3a55bc800 flushing  nmethod 0x000001f39215d590
Event: 137.677 Thread 0x000001f3a55bc800 flushing  nmethod 0x000001f3921e8690
Event: 137.677 Thread 0x000001f3a55bc800 flushing  nmethod 0x000001f3921e9910
Event: 137.677 Thread 0x000001f3a55bc800 flushing  nmethod 0x000001f3921ea710
Event: 137.677 Thread 0x000001f3a55bc800 flushing  nmethod 0x000001f3921eb910
Event: 137.677 Thread 0x000001f3a55bc800 flushing  nmethod 0x000001f3921ebd10

Events (20 events):
Event: 111.332 Thread 0x000001f3aadd76e0 Thread exited: 0x000001f3aadd76e0
Event: 111.809 Thread 0x000001f3aadda690 Thread exited: 0x000001f3aadda690
Event: 113.417 Thread 0x000001f3a56663e0 Thread added: 0x000001f3aaddbb00
Event: 114.234 Thread 0x000001f3a56663e0 Thread added: 0x000001f3aadda690
Event: 116.915 Thread 0x000001f3aaddbb00 Thread exited: 0x000001f3aaddbb00
Event: 116.915 Thread 0x000001f3aadda690 Thread exited: 0x000001f3aadda690
Event: 116.950 Thread 0x000001f3a56663e0 Thread added: 0x000001f3aaddc1d0
Event: 117.579 Thread 0x000001f3a56663e0 Thread added: 0x000001f3aaddd640
Event: 120.267 Thread 0x000001f3aaddd640 Thread exited: 0x000001f3aaddd640
Event: 120.885 Thread 0x000001f3a56663e0 Thread added: 0x000001f3b7921fe0
Event: 128.199 Thread 0x000001f3b7921fe0 Thread exited: 0x000001f3b7921fe0
Event: 129.114 Thread 0x000001f3a56663e0 Thread added: 0x000001f3b82aabd0
Event: 130.416 Thread 0x000001f3b82aabd0 Thread exited: 0x000001f3b82aabd0
Event: 130.577 Thread 0x000001f3a56663e0 Thread added: 0x000001f3b82ac710
Event: 131.520 Thread 0x000001f3b82ac710 Thread exited: 0x000001f3b82ac710
Event: 135.932 Thread 0x000001f3a56547f0 Thread added: 0x000001f3ad1ccd30
Event: 138.181 Thread 0x000001f3ad1ccd30 Thread exited: 0x000001f3ad1ccd30
Event: 138.730 Thread 0x000001f3aaddc1d0 Thread exited: 0x000001f3aaddc1d0
Event: 139.305 Thread 0x000001f3a56663e0 Thread added: 0x000001f3ad1ce870
Event: 143.487 Thread 0x000001f3a56663e0 Thread added: 0x000001f3ad1d2c90


Dynamic libraries:
0x00007ff75baa0000 - 0x00007ff75baaa000 	D:\software\android studio\jbr\bin\java.exe
0x00007ffb249a0000 - 0x00007ffb24c06000 	C:\WINDOWS\SYSTEM32\ntdll.dll
0x00007ffb22d50000 - 0x00007ffb22e19000 	C:\WINDOWS\System32\KERNEL32.DLL
0x00007ffb220f0000 - 0x00007ffb224ea000 	C:\WINDOWS\System32\KERNELBASE.dll
0x00007ffb1e720000 - 0x00007ffb1e7c0000 	C:\WINDOWS\SYSTEM32\apphelp.dll
0x00007ffb21db0000 - 0x00007ffb21efc000 	C:\WINDOWS\System32\ucrtbase.dll
0x00007ffb0ab70000 - 0x00007ffb0ab88000 	D:\software\android studio\jbr\bin\jli.dll
0x00007ffb22b80000 - 0x00007ffb22d47000 	C:\WINDOWS\System32\USER32.dll
0x00007ffb224f0000 - 0x00007ffb22517000 	C:\WINDOWS\System32\win32u.dll
0x00007ffb246f0000 - 0x00007ffb2471b000 	C:\WINDOWS\System32\GDI32.dll
0x00007ffb0c3c0000 - 0x00007ffb0c3db000 	D:\software\android studio\jbr\bin\VCRUNTIME140.dll
0x00007ffb21f00000 - 0x00007ffb2202b000 	C:\WINDOWS\System32\gdi32full.dll
0x00007ffb225d0000 - 0x00007ffb22673000 	C:\WINDOWS\System32\msvcp_win.dll
0x00007ffb04810000 - 0x00007ffb04aa2000 	C:\WINDOWS\WinSxS\amd64_microsoft.windows.common-controls_6595b64144ccf1df_6.0.26100.8521_none_3e08b75ce33403b3\COMCTL32.dll
0x00007ffb247a0000 - 0x00007ffb24849000 	C:\WINDOWS\System32\msvcrt.dll
0x00007ffb22b40000 - 0x00007ffb22b72000 	C:\WINDOWS\System32\IMM32.DLL
0x00007ffb0a9e0000 - 0x00007ffb0a9ec000 	D:\software\android studio\jbr\bin\vcruntime140_1.dll
0x00007ffb08e40000 - 0x00007ffb08ecd000 	D:\software\android studio\jbr\bin\msvcp140.dll
0x00007ffa6a4b0000 - 0x00007ffa6b146000 	D:\software\android studio\jbr\bin\server\jvm.dll
0x00007ffb22730000 - 0x00007ffb227e6000 	C:\WINDOWS\System32\ADVAPI32.dll
0x00007ffb232b0000 - 0x00007ffb2335a000 	C:\WINDOWS\System32\sechost.dll
0x00007ffb23820000 - 0x00007ffb23938000 	C:\WINDOWS\System32\RPCRT4.dll
0x00007ffb248c0000 - 0x00007ffb24940000 	C:\WINDOWS\System32\WS2_32.dll
0x00007ffb21ab0000 - 0x00007ffb21b0e000 	C:\WINDOWS\SYSTEM32\POWRPROF.dll
0x00007ffb0aee0000 - 0x00007ffb0af16000 	C:\WINDOWS\SYSTEM32\WINMM.dll
0x00007ffb15070000 - 0x00007ffb1507b000 	C:\WINDOWS\SYSTEM32\VERSION.dll
0x00007ffb21a90000 - 0x00007ffb21aa4000 	C:\WINDOWS\SYSTEM32\UMPDC.dll
0x00007ffb20980000 - 0x00007ffb2099b000 	C:\WINDOWS\SYSTEM32\kernel.appcore.dll
0x00007ffb09b80000 - 0x00007ffb09b8a000 	D:\software\android studio\jbr\bin\jimage.dll
0x00007ffb1f200000 - 0x00007ffb1f442000 	C:\WINDOWS\SYSTEM32\DBGHELP.DLL
0x00007ffb24360000 - 0x00007ffb246e3000 	C:\WINDOWS\System32\combase.dll
0x00007ffb23740000 - 0x00007ffb23819000 	C:\WINDOWS\System32\OLEAUT32.dll
0x00007ffaf9ce0000 - 0x00007ffaf9d1b000 	C:\WINDOWS\SYSTEM32\dbgcore.DLL
0x00007ffb22520000 - 0x00007ffb225c8000 	C:\WINDOWS\System32\bcryptPrimitives.dll
0x00007ffb09b60000 - 0x00007ffb09b80000 	D:\software\android studio\jbr\bin\java.dll
0x00007ffb09a70000 - 0x00007ffb09a88000 	D:\software\android studio\jbr\bin\zip.dll
0x00007ffb23940000 - 0x00007ffb240c4000 	C:\WINDOWS\System32\SHELL32.dll
0x00007ffb1f650000 - 0x00007ffb1fed0000 	C:\WINDOWS\SYSTEM32\windows.storage.dll
0x00007ffb240d0000 - 0x00007ffb241c6000 	C:\WINDOWS\System32\SHCORE.dll
0x00007ffb24850000 - 0x00007ffb248b7000 	C:\WINDOWS\System32\shlwapi.dll
0x00007ffb21b50000 - 0x00007ffb21b79000 	C:\WINDOWS\SYSTEM32\profapi.dll
0x00007ffb08d60000 - 0x00007ffb08d70000 	D:\software\android studio\jbr\bin\net.dll
0x00007ffb14be0000 - 0x00007ffb14d09000 	C:\WINDOWS\SYSTEM32\WINHTTP.dll
0x00007ffb20ed0000 - 0x00007ffb20f3c000 	C:\WINDOWS\system32\mswsock.dll
0x00007ffb08d10000 - 0x00007ffb08d26000 	D:\software\android studio\jbr\bin\nio.dll
0x00007ffb08d50000 - 0x00007ffb08d60000 	D:\software\android studio\jbr\bin\verify.dll

JVMTI agents: none

dbghelp: loaded successfully - version: 4.0.5 - missing functions: none
symbol engine: initialized successfully - sym options: 0x614 - pdb path: .;D:\software\android studio\jbr\bin;C:\WINDOWS\SYSTEM32;C:\WINDOWS\WinSxS\amd64_microsoft.windows.common-controls_6595b64144ccf1df_6.0.26100.8521_none_3e08b75ce33403b3;D:\software\android studio\jbr\bin\server

VM Arguments:
java_command: org.jetbrains.kotlin.cli.jvm.K2JVMCompiler @D:\AndroidApps\WordNest\app\build\20260701_14177923564637129920.compiler.options
java_class_path (initial): C:\Users\vinny\.gradle\caches\modules-2\files-2.1\org.jetbrains.kotlin\kotlin-compiler-embeddable\2.1.21\70a69b95905e33806fbee6c6c9c48e2b2b2b4da4\kotlin-compiler-embeddable-2.1.21.jar;C:\Users\vinny\.gradle\caches\modules-2\files-2.1\org.jetbrains.kotlin\kotlin-stdlib\2.1.21\97a0975aa19d925e109537af60eb46902920015c\kotlin-stdlib-2.1.21.jar;C:\Users\vinny\.gradle\caches\modules-2\files-2.1\org.jetbrains.kotlin\kotlin-script-runtime\2.1.21\e274d560d10526099330411c45961f04d85e77b9\kotlin-script-runtime-2.1.21.jar;C:\Users\vinny\.gradle\caches\modules-2\files-2.1\org.jetbrains.kotlin\kotlin-reflect\1.6.10\1cbe9c92c12a94eea200d23c2bbaedaf3daf5132\kotlin-reflect-1.6.10.jar;C:\Users\vinny\.gradle\caches\modules-2\files-2.1\org.jetbrains.kotlin\kotlin-daemon-embeddable\2.1.21\2376f98b59395adad949ca19811283fafb1b2e31\kotlin-daemon-embeddable-2.1.21.jar;C:\Users\vinny\.gradle\caches\modules-2\files-2.1\org.jetbrains.intellij.deps\trove4j\1.0.20200330\3afb14d5f9ceb459d724e907a21145e8ff394f02\trove4j-1.0.20200330.jar;C:\Users\vinny\.gradle\caches\modules-2\files-2.1\org.jetbrains.kotlinx\kotlinx-coroutines-core-jvm\1.8.0\ac1dc37a30a93150b704022f8d895ee1bd3a36b3\kotlinx-coroutines-core-jvm-1.8.0.jar;C:\Users\vinny\.gradle\caches\modules-2\files-2.1\org.jetbrains\annotations\13.0\919f0dfe192fb4e063e7dacadee7f8bb9a2672a9\annotations-13.0.jar
Launcher Type: SUN_STANDARD

[Global flags]
     intx CICompilerCount                          = 4                                         {product} {ergonomic}
     uint ConcGCThreads                            = 2                                         {product} {ergonomic}
     uint G1ConcRefinementThreads                  = 8                                         {product} {ergonomic}
   size_t G1HeapRegionSize                         = 2097152                                   {product} {ergonomic}
    uintx GCDrainStackTargetSize                   = 64                                        {product} {ergonomic}
   size_t InitialHeapSize                          = 257949696                                 {product} {ergonomic}
   size_t MarkStackSize                            = 4194304                                   {product} {ergonomic}
   size_t MaxHeapSize                              = 4120903680                                {product} {ergonomic}
   size_t MaxNewSize                               = 2472542208                                {product} {ergonomic}
   size_t MinHeapDeltaBytes                        = 2097152                                   {product} {ergonomic}
   size_t MinHeapSize                              = 8388608                                   {product} {ergonomic}
    uintx NonNMethodCodeHeapSize                   = 5839372                                {pd product} {ergonomic}
    uintx NonProfiledCodeHeapSize                  = 122909434                              {pd product} {ergonomic}
    uintx ProfiledCodeHeapSize                     = 122909434                              {pd product} {ergonomic}
    uintx ReservedCodeCacheSize                    = 251658240                              {pd product} {ergonomic}
     bool SegmentedCodeCache                       = true                                      {product} {ergonomic}
   size_t SoftMaxHeapSize                          = 4120903680                             {manageable} {ergonomic}
     bool UseCompressedOops                        = true                           {product lp64_product} {ergonomic}
     bool UseG1GC                                  = true                                      {product} {ergonomic}
     bool UseLargePagesIndividualAllocation        = false                                  {pd product} {ergonomic}

Logging:
Log output configuration:
 #0: stdout all=warning uptime,level,tags foldmultilines=false
 #1: stderr all=off uptime,level,tags foldmultilines=false

Release file:
JAVA_VERSION="21.0.10" 
MODULES="java.base java.compiler java.datatransfer java.xml java.prefs java.desktop java.instrument java.logging java.management java.security.sasl java.naming java.rmi java.management.rmi java.net.http java.scripting java.security.jgss java.transaction.xa java.sql java.sql.rowset java.xml.crypto java.se java.smartcardio jdk.accessibility jdk.internal.jvmstat jdk.attach jdk.charsets jdk.internal.opt jdk.zipfs jdk.compiler jdk.crypto.ec jdk.crypto.cryptoki jdk.dynalink jdk.hotspot.agent jdk.httpserver jdk.internal.ed jdk.internal.le jdk.internal.vm.ci jdk.jartool jdk.javadoc jdk.jcmd jdk.jdeps jdk.jdwp.agent jdk.jdi jdk.jfr jdk.jlink jdk.jsobject jdk.localedata jdk.management jdk.management.agent jdk.management.jfr jdk.naming.dns jdk.naming.rmi jdk.net jdk.sctp jdk.security.auth jdk.security.jgss jdk.unsupported jdk.unsupported.desktop jdk.xml.dom" 
IMPLEMENTOR="JetBrains s.r.o." 
JAVA_RUNTIME_VERSION="21.0.10+-14961533-b1163.108" 
LIBC="default" 
OS_ARCH="x86_64" 
OS_NAME="Windows" 
SOURCE=".:git:1351622c2ff2" 

Environment Variables:
PATH=C:\Python313\Scripts\;C:\Python313\;C:\Program Files (x86)\Common Files\Intel\Shared Libraries\redist\intel64_win\compiler;C:\WINDOWS\system32;C:\WINDOWS;C:\WINDOWS\System32\Wbem;C:\WINDOWS\System32\WindowsPowerShell\v1.0\;C:\WINDOWS\System32\OpenSSH\;C:\Program Files\dotnet\;C:\Program Files\Common Files\Autodesk Shared\;C:\Program Files\Microsoft SQL Server\150\Tools\Binn\;C:\ProgramData\chocolatey\bin;C:\Program Files (x86)\NVIDIA Corporation\PhysX\Common;C:\Program Files\GitHub CLI\;C:\WINDOWS\system32;C:\WINDOWS;C:\WINDOWS\System32\Wbem;C:\WINDOWS\System32\WindowsPowerShell\v1.0\;C:\WINDOWS\System32\OpenSSH\;C:\Program Files\Git\cmd;C:\Users\vinny\.local\bin;C:\Program Files\nodejs\;C:\Users\vinny\AppData\Local\Microsoft\WindowsApps;D:\software\vs code\Microsoft VS Code\bin;D:\software\sdk\platform-tools;D:\pot\pu\ffmpeg-7.1.1-full_build\bin;D:\software\.android\avd;C:\Users\vinny\AppData\Roaming\pyRevit-Master\bin;C:\Users\vinny\AppData\Roaming\npm;C:\Users\vinny\AppData\Local\Microsoft\WinGet\Packages\Rclone.Rclone_Microsoft.Winget.Source_8wekyb3d8bbwe\rclone-v1.73.3-windows-amd64;D:\software\Antigravity IDE\bin
USERNAME=vinny
OS=Windows_NT
PROCESSOR_IDENTIFIER=Intel64 Family 6 Model 142 Stepping 12, GenuineIntel
TMP=C:\Users\vinny\AppData\Local\Temp
TEMP=C:\Users\vinny\AppData\Local\Temp




Periodic native trim disabled

JNI global refs:
JNI global refs: 15, weak refs: 9

JNI global refs memory usage: 835, weak refs: 833

Process memory usage:
Resident Set Size: 676072K (4% of 16096080K total physical memory with 729472K free physical memory)

OOME stack traces (most recent first):
Classloader memory used:
Loader jdk.internal.loader.ClassLoaders$AppClassLoader                                 : 85883K
Loader bootstrap                                                                       : 12027K
Loader java.net.URLClassLoader                                                         : 2532K

---------------  S Y S T E M  ---------------

OS:
 Windows 11 , 64 bit Build 26100 (10.0.26100.8521)
OS uptime: 1 days 3:03 hours
Hyper-V role detected

CPU: total 8 (initial active 8) (4 cores per cpu, 2 threads per core) family 6 model 142 stepping 12 microcode 0x100, cx8, cmov, fxsr, ht, mmx, 3dnowpref, sse, sse2, sse3, ssse3, sse4.1, sse4.2, popcnt, lzcnt, tsc, tscinvbit, avx, avx2, aes, erms, clmul, bmi1, bmi2, adx, fma, vzeroupper, clflush, clflushopt, hv, rdtscp, f16c
Processor Information for processor 0
  Max Mhz: 1800, Current Mhz: 1500, Mhz Limit: 1584
Processor Information for processor 1
  Max Mhz: 1800, Current Mhz: 1600, Mhz Limit: 1584
Processor Information for processor 2
  Max Mhz: 1800, Current Mhz: 1600, Mhz Limit: 1584
Processor Information for processor 3
  Max Mhz: 1800, Current Mhz: 1500, Mhz Limit: 1584
Processor Information for processor 4
  Max Mhz: 1800, Current Mhz: 1500, Mhz Limit: 1584
Processor Information for processor 5
  Max Mhz: 1800, Current Mhz: 1600, Mhz Limit: 1584
Processor Information for processor 6
  Max Mhz: 1800, Current Mhz: 1600, Mhz Limit: 1584
Processor Information for processor 7
  Max Mhz: 1800, Current Mhz: 1500, Mhz Limit: 1584

Memory: 4k page, system-wide physical 15718M (770M free)
TotalPageFile size 23404M (AvailPageFile size 91M)
current process WorkingSet (physical memory assigned to process): 660M, peak: 663M
current process commit charge ("private bytes"): 680M, peak: 684M

vm_info: OpenJDK 64-Bit Server VM (21.0.10+-14961533-b1163.108) for windows-amd64 JRE (21.0.10+-14961533-b1163.108), built on 2026-03-02T19:58:50Z by "builder" with MS VC++ 16.10 / 16.11 (VS2019)

END.
